Compiling the C compiler identification source file "CMakeCCompilerId.c" failed.
Compiler: /usr/bin/cc 
Build flags: 
Id flags:  

The output was:
1
xcrun: error: invalid active developer path (/Library/Developer/CommandLineTools), missing xcrun at: /Library/Developer/CommandLineTools/usr/bin/xcrun


Compiling the C compiler identification source file "CMakeCCompilerId.c" failed.
Compiler: /usr/bin/cc 
Build flags: 
Id flags: -c 

The output was:
1
xcrun: error: invalid active developer path (/Library/Developer/CommandLineTools), missing xcrun at: /Library/Developer/CommandLineTools/usr/bin/xcrun


Compiling the C compiler identification source file "CMakeCCompilerId.c" failed.
Compiler: /usr/bin/cc 
Build flags: 
Id flags: -Aa 

The output was:
1
xcrun: error: invalid active developer path (/Library/Developer/CommandLineTools), missing xcrun at: /Library/Developer/CommandLineTools/usr/bin/xcrun


Compiling the C compiler identification source file "CMakeCCompilerId.c" failed.
Compiler: /usr/bin/cc 
Build flags: 
Id flags: -D__CLASSIC_C__ 

The output was:
1
xcrun: error: invalid active developer path (/Library/Developer/CommandLineTools), missing xcrun at: /Library/Developer/CommandLineTools/usr/bin/xcrun


Compiling the C compiler identification source file "CMakeCCompilerId.c" failed.
Compiler: /usr/bin/cc 
Build flags: 
Id flags:  

The output was:
1
xcrun: error: invalid active developer path (/Library/Developer/CommandLineTools), missing xcrun at: /Library/Developer/CommandLineTools/usr/bin/xcrun


Compiling the C compiler identification source file "CMakeCCompilerId.c" failed.
Compiler: /usr/bin/cc 
Build flags: 
Id flags: -c 

The output was:
1
xcrun: error: invalid active developer path (/Library/Developer/CommandLineTools), missing xcrun at: /Library/Developer/CommandLineTools/usr/bin/xcrun


Compiling the C compiler identification source file "CMakeCCompilerId.c" failed.
Compiler: /usr/bin/cc 
Build flags: 
Id flags: -Aa 

The output was:
1
xcrun: error: invalid active developer path (/Library/Developer/CommandLineTools), missing xcrun at: /Library/Developer/CommandLineTools/usr/bin/xcrun


Compiling the C compiler identification source file "CMakeCCompilerId.c" failed.
Compiler: /usr/bin/cc 
Build flags: 
Id flags: -D__CLASSIC_C__ 

The output was:
1
xcrun: error: invalid active developer path (/Library/Developer/CommandLineTools), missing xcrun at: /Library/Developer/CommandLineTools/usr/bin/xcrun


Checking whether the C compiler is IAR using "" did not match "IAR .+ Compiler":
xcrun: error: invalid active developer path (/Library/Developer/CommandLineTools), missing xcrun at: /Library/Developer/CommandLineTools/usr/bin/xcrun
Checking whether the C compiler is IAR using "" did not match "IAR .+ Compiler":
xcrun: error: invalid active developer path (/Library/Developer/CommandLineTools), missing xcrun at: /Library/Developer/CommandLineTools/usr/bin/xcrun
Compiling the CXX compiler identification source file "CMakeCXXCompilerId.cpp" failed.
Compiler: /usr/bin/c++ 
Build flags: 
Id flags:  

The output was:
1
xcrun: error: invalid active developer path (/Library/Developer/CommandLineTools), missing xcrun at: /Library/Developer/CommandLineTools/usr/bin/xcrun


Compiling the CXX compiler identification source file "CMakeCXXCompilerId.cpp" failed.
Compiler: /usr/bin/c++ 
Build flags: 
Id flags: -c 

The output was:
1
xcrun: error: invalid active developer path (/Library/Developer/CommandLineTools), missing xcrun at: /Library/Developer/CommandLineTools/usr/bin/xcrun


Compiling the CXX compiler identification source file "CMakeCXXCompilerId.cpp" failed.
Compiler: /usr/bin/c++ 
Build flags: 
Id flags: --c++ 

The output was:
1
xcrun: error: invalid active developer path (/Library/Developer/CommandLineTools), missing xcrun at: /Library/Developer/CommandLineTools/usr/bin/xcrun


Compiling the CXX compiler identification source file "CMakeCXXCompilerId.cpp" failed.
Compiler: /usr/bin/c++ 
Build flags: 
Id flags: --ec++ 

The output was:
1
xcrun: error: invalid active developer path (/Library/Developer/CommandLineTools), missing xcrun at: /Library/Developer/CommandLineTools/usr/bin/xcrun


Compiling the CXX compiler identification source file "CMakeCXXCompilerId.cpp" failed.
Compiler: /usr/bin/c++ 
Build flags: 
Id flags:  

The output was:
1
xcrun: error: invalid active developer path (/Library/Developer/CommandLineTools), missing xcrun at: /Library/Developer/CommandLineTools/usr/bin/xcrun


Compiling the CXX compiler identification source file "CMakeCXXCompilerId.cpp" failed.
Compiler: /usr/bin/c++ 
Build flags: 
Id flags: -c 

The output was:
1
xcrun: error: invalid active developer path (/Library/Developer/CommandLineTools), missing xcrun at: /Library/Developer/CommandLineTools/usr/bin/xcrun


Compiling the CXX compiler identification source file "CMakeCXXCompilerId.cpp" failed.
Compiler: /usr/bin/c++ 
Build flags: 
Id flags: --c++ 

The output was:
1
xcrun: error: invalid active developer path (/Library/Developer/CommandLineTools), missing xcrun at: /Library/Developer/CommandLineTools/usr/bin/xcrun


Compiling the CXX compiler identification source file "CMakeCXXCompilerId.cpp" failed.
Compiler: /usr/bin/c++ 
Build flags: 
Id flags: --ec++ 

The output was:
1
xcrun: error: invalid active developer path (/Library/Developer/CommandLineTools), missing xcrun at: /Library/Developer/CommandLineTools/usr/bin/xcrun


Checking whether the CXX compiler is IAR using "" did not match "IAR .+ Compiler":
xcrun: error: invalid active developer path (/Library/Developer/CommandLineTools), missing xcrun at: /Library/Developer/CommandLineTools/usr/bin/xcrun
Checking whether the CXX compiler is IAR using "" did not match "IAR .+ Compiler":
xcrun: error: invalid active developer path (/Library/Developer/CommandLineTools), missing xcrun at: /Library/Developer/CommandLineTools/usr/bin/xcrun
Determining if the C compiler works failed with the following output:
Change Dir: /Users/JoySenpai/Desktop/Git/C-Snippets/DesignPattern/cmake-build-debug/CMakeFiles/CMakeTmp

Run Build Command:"/usr/bin/make" "cmTC_1154d/fast"
xcrun: error: invalid active developer path (/Library/Developer/CommandLineTools), missing xcrun at: /Library/Developer/CommandLineTools/usr/bin/xcrun


Compiling the C compiler identification source file "CMakeCCompilerId.c" failed.
Compiler: /usr/bin/cc 
Build flags: 
Id flags:  

The output was:
1
xcrun: error: invalid active developer path (/Library/Developer/CommandLineTools), missing xcrun at: /Library/Developer/CommandLineTools/usr/bin/xcrun


Compiling the C compiler identification source file "CMakeCCompilerId.c" failed.
Compiler: /usr/bin/cc 
Build flags: 
Id flags: -c 

The output was:
1
xcrun: error: invalid active developer path (/Library/Developer/CommandLineTools), missing xcrun at: /Library/Developer/CommandLineTools/usr/bin/xcrun


Compiling the C compiler identification source file "CMakeCCompilerId.c" failed.
Compiler: /usr/bin/cc 
Build flags: 
Id flags: -Aa 

The output was:
1
xcrun: error: invalid active developer path (/Library/Developer/CommandLineTools), missing xcrun at: /Library/Developer/CommandLineTools/usr/bin/xcrun


Compiling the C compiler identification source file "CMakeCCompilerId.c" failed.
Compiler: /usr/bin/cc 
Build flags: 
Id flags: -D__CLASSIC_C__ 

The output was:
1
xcrun: error: invalid active developer path (/Library/Developer/CommandLineTools), missing xcrun at: /Library/Developer/CommandLineTools/usr/bin/xcrun


Compiling the C compiler identification source file "CMakeCCompilerId.c" failed.
Compiler: /usr/bin/cc 
Build flags: 
Id flags:  

The output was:
1
xcrun: error: invalid active developer path (/Library/Developer/CommandLineTools), missing xcrun at: /Library/Developer/CommandLineTools/usr/bin/xcrun


Compiling the C compiler identification source file "CMakeCCompilerId.c" failed.
Compiler: /usr/bin/cc 
Build flags: 
Id flags: -c 

The output was:
1
xcrun: error: invalid active developer path (/Library/Developer/CommandLineTools), missing xcrun at: /Library/Developer/CommandLineTools/usr/bin/xcrun


Compiling the C compiler identification source file "CMakeCCompilerId.c" failed.
Compiler: /usr/bin/cc 
Build flags: 
Id flags: -Aa 

The output was:
1
xcrun: error: invalid active developer path (/Library/Developer/CommandLineTools), missing xcrun at: /Library/Developer/CommandLineTools/usr/bin/xcrun


Compiling the C compiler identification source file "CMakeCCompilerId.c" failed.
Compiler: /usr/bin/cc 
Build flags: 
Id flags: -D__CLASSIC_C__ 

The output was:
1
xcrun: error: invalid active developer path (/Library/Developer/CommandLineTools), missing xcrun at: /Library/Developer/CommandLineTools/usr/bin/xcrun


Checking whether the C compiler is IAR using "" did not match "IAR .+ Compiler":
xcrun: error: invalid active developer path (/Library/Developer/CommandLineTools), missing xcrun at: /Library/Developer/CommandLineTools/usr/bin/xcrun
Checking whether the C compiler is IAR using "" did not match "IAR .+ Compiler":
xcrun: error: invalid active developer path (/Library/Developer/CommandLineTools), missing xcrun at: /Library/Developer/CommandLineTools/usr/bin/xcrun
Compiling the CXX compiler identification source file "CMakeCXXCompilerId.cpp" failed.
Compiler: /usr/bin/c++ 
Build flags: 
Id flags:  

The output was:
1
xcrun: error: invalid active developer path (/Library/Developer/CommandLineTools), missing xcrun at: /Library/Developer/CommandLineTools/usr/bin/xcrun


Compiling the CXX compiler identification source file "CMakeCXXCompilerId.cpp" failed.
Compiler: /usr/bin/c++ 
Build flags: 
Id flags: -c 

The output was:
1
xcrun: error: invalid active developer path (/Library/Developer/CommandLineTools), missing xcrun at: /Library/Developer/CommandLineTools/usr/bin/xcrun


Compiling the CXX compiler identification source file "CMakeCXXCompilerId.cpp" failed.
Compiler: /usr/bin/c++ 
Build flags: 
Id flags: --c++ 

The output was:
1
xcrun: error: invalid active developer path (/Library/Developer/CommandLineTools), missing xcrun at: /Library/Developer/CommandLineTools/usr/bin/xcrun


Compiling the CXX compiler identification source file "CMakeCXXCompilerId.cpp" failed.
Compiler: /usr/bin/c++ 
Build flags: 
Id flags: --ec++ 

The output was:
1
xcrun: error: invalid active developer path (/Library/Developer/CommandLineTools), missing xcrun at: /Library/Developer/CommandLineTools/usr/bin/xcrun


Compiling the CXX compiler identification source file "CMakeCXXCompilerId.cpp" failed.
Compiler: /usr/bin/c++ 
Build flags: 
Id flags:  

The output was:
1
xcrun: error: invalid active developer path (/Library/Developer/CommandLineTools), missing xcrun at: /Library/Developer/CommandLineTools/usr/bin/xcrun


Compiling the CXX compiler identification source file "CMakeCXXCompilerId.cpp" failed.
Compiler: /usr/bin/c++ 
Build flags: 
Id flags: -c 

The output was:
1
xcrun: error: invalid active developer path (/Library/Developer/CommandLineTools), missing xcrun at: /Library/Developer/CommandLineTools/usr/bin/xcrun


Compiling the CXX compiler identification source file "CMakeCXXCompilerId.cpp" failed.
Compiler: /usr/bin/c++ 
Build flags: 
Id flags: --c++ 

The output was:
1
xcrun: error: invalid active developer path (/Library/Developer/CommandLineTools), missing xcrun at: /Library/Developer/CommandLineTools/usr/bin/xcrun


Compiling the CXX compiler identification source file "CMakeCXXCompilerId.cpp" failed.
Compiler: /usr/bin/c++ 
Build flags: 
Id flags: --ec++ 

The output was:
1
xcrun: error: invalid active developer path (/Library/Developer/CommandLineTools), missing xcrun at: /Library/Developer/CommandLineTools/usr/bin/xcrun


Checking whether the CXX compiler is IAR using "" did not match "IAR .+ Compiler":
xcrun: error: invalid active developer path (/Library/Developer/CommandLineTools), missing xcrun at: /Library/Developer/CommandLineTools/usr/bin/xcrun
Checking whether the CXX compiler is IAR using "" did not match "IAR .+ Compiler":
xcrun: error: invalid active developer path (/Library/Developer/CommandLineTools), missing xcrun at: /Library/Developer/CommandLineTools/usr/bin/xcrun
Checking whether the ASM compiler is GNU using "--version" did not match "(GNU assembler)|(GCC)|(Free Software Foundation)":
xcrun: error: invalid active developer path (/Library/Developer/CommandLineTools), missing xcrun at: /Library/Developer/CommandLineTools/usr/bin/xcrun
Checking whether the ASM compiler is HP using "-V" did not match "HP C":
xcrun: error: invalid active developer path (/Library/Developer/CommandLineTools), missing xcrun at: /Library/Developer/CommandLineTools/usr/bin/xcrun
Checking whether the ASM compiler is Intel using "--version" did not match "(ICC)":
xcrun: error: invalid active developer path (/Library/Developer/CommandLineTools), missing xcrun at: /Library/Developer/CommandLineTools/usr/bin/xcrun
Checking whether the ASM compiler is SunPro using "-V" did not match "Sun C":
xcrun: error: invalid active developer path (/Library/Developer/CommandLineTools), missing xcrun at: /Library/Developer/CommandLineTools/usr/bin/xcrun
Checking whether the ASM compiler is XL using "-qversion" did not match "XL C":
xcrun: error: invalid active developer path (/Library/Developer/CommandLineTools), missing xcrun at: /Library/Developer/CommandLineTools/usr/bin/xcrun
Checking whether the ASM compiler is MSVC using "/?" did not match "Microsoft":
xcrun: error: invalid active developer path (/Library/Developer/CommandLineTools), missing xcrun at: /Library/Developer/CommandLineTools/usr/bin/xcrun
Checking whether the ASM compiler is TI using "-h" did not match "Texas Instruments":
xcrun: error: invalid active developer path (/Library/Developer/CommandLineTools), missing xcrun at: /Library/Developer/CommandLineTools/usr/bin/xcrun
Checking whether the ASM compiler is IAR using "" did not match "IAR Assembler":
xcrun: error: invalid active developer path (/Library/Developer/CommandLineTools), missing xcrun at: /Library/Developer/CommandLineTools/usr/bin/xcrun
Checking whether the ASM compiler is ARMCC using "" did not match "(ARM Compiler)|(ARM Assembler)":
xcrun: error: invalid active developer path (/Library/Developer/CommandLineTools), missing xcrun at: /Library/Developer/CommandLineTools/usr/bin/xcrun
Checking whether the ASM compiler is NASM using "-v" did not match "(NASM version)":
xcrun: error: invalid active developer path (/Library/Developer/CommandLineTools), missing xcrun at: /Library/Developer/CommandLineTools/usr/bin/xcrun
Checking whether the ASM compiler is YASM using "--version" did not match "(yasm)":
xcrun: error: invalid active developer path (/Library/Developer/CommandLineTools), missing xcrun at: /Library/Developer/CommandLineTools/usr/bin/xcrun
Determining if the C compiler works failed with the following output:
Change Dir: /Users/JoySenpai/Desktop/Git/C-Snippets/DesignPattern/cmake-build-debug/CMakeFiles/CMakeTmp

Run Build Command:"/usr/bin/make" "cmTC_6fc3e/fast"
xcrun: error: invalid active developer path (/Library/Developer/CommandLineTools), missing xcrun at: /Library/Developer/CommandLineTools/usr/bin/xcrun


Compiling the C compiler identification source file "CMakeCCompilerId.c" failed.
Compiler: /usr/bin/cc 
Build flags: 
Id flags:  

The output was:
1
xcrun: error: invalid active developer path (/Library/Developer/CommandLineTools), missing xcrun at: /Library/Developer/CommandLineTools/usr/bin/xcrun


Compiling the C compiler identification source file "CMakeCCompilerId.c" failed.
Compiler: /usr/bin/cc 
Build flags: 
Id flags: -c 

The output was:
1
xcrun: error: invalid active developer path (/Library/Developer/CommandLineTools), missing xcrun at: /Library/Developer/CommandLineTools/usr/bin/xcrun


Compiling the C compiler identification source file "CMakeCCompilerId.c" failed.
Compiler: /usr/bin/cc 
Build flags: 
Id flags: -Aa 

The output was:
1
xcrun: error: invalid active developer path (/Library/Developer/CommandLineTools), missing xcrun at: /Library/Developer/CommandLineTools/usr/bin/xcrun


Compiling the C compiler identification source file "CMakeCCompilerId.c" failed.
Compiler: /usr/bin/cc 
Build flags: 
Id flags: -D__CLASSIC_C__ 

The output was:
1
xcrun: error: invalid active developer path (/Library/Developer/CommandLineTools), missing xcrun at: /Library/Developer/CommandLineTools/usr/bin/xcrun


Compiling the C compiler identification source file "CMakeCCompilerId.c" failed.
Compiler: /usr/bin/cc 
Build flags: 
Id flags:  

The output was:
1
xcrun: error: invalid active developer path (/Library/Developer/CommandLineTools), missing xcrun at: /Library/Developer/CommandLineTools/usr/bin/xcrun


Compiling the C compiler identification source file "CMakeCCompilerId.c" failed.
Compiler: /usr/bin/cc 
Build flags: 
Id flags: -c 

The output was:
1
xcrun: error: invalid active developer path (/Library/Developer/CommandLineTools), missing xcrun at: /Library/Developer/CommandLineTools/usr/bin/xcrun


Compiling the C compiler identification source file "CMakeCCompilerId.c" failed.
Compiler: /usr/bin/cc 
Build flags: 
Id flags: -Aa 

The output was:
1
xcrun: error: invalid active developer path (/Library/Developer/CommandLineTools), missing xcrun at: /Library/Developer/CommandLineTools/usr/bin/xcrun


Compiling the C compiler identification source file "CMakeCCompilerId.c" failed.
Compiler: /usr/bin/cc 
Build flags: 
Id flags: -D__CLASSIC_C__ 

The output was:
1
xcrun: error: invalid active developer path (/Library/Developer/CommandLineTools), missing xcrun at: /Library/Developer/CommandLineTools/usr/bin/xcrun


Checking whether the C compiler is IAR using "" did not match "IAR .+ Compiler":
xcrun: error: invalid active developer path (/Library/Developer/CommandLineTools), missing xcrun at: /Library/Developer/CommandLineTools/usr/bin/xcrun
Checking whether the C compiler is IAR using "" did not match "IAR .+ Compiler":
xcrun: error: invalid active developer path (/Library/Developer/CommandLineTools), missing xcrun at: /Library/Developer/CommandLineTools/usr/bin/xcrun
Compiling the CXX compiler identification source file "CMakeCXXCompilerId.cpp" failed.
Compiler: /usr/bin/c++ 
Build flags: 
Id flags:  

The output was:
1
xcrun: error: invalid active developer path (/Library/Developer/CommandLineTools), missing xcrun at: /Library/Developer/CommandLineTools/usr/bin/xcrun


Compiling the CXX compiler identification source file "CMakeCXXCompilerId.cpp" failed.
Compiler: /usr/bin/c++ 
Build flags: 
Id flags: -c 

The output was:
1
xcrun: error: invalid active developer path (/Library/Developer/CommandLineTools), missing xcrun at: /Library/Developer/CommandLineTools/usr/bin/xcrun


Compiling the CXX compiler identification source file "CMakeCXXCompilerId.cpp" failed.
Compiler: /usr/bin/c++ 
Build flags: 
Id flags: --c++ 

The output was:
1
xcrun: error: invalid active developer path (/Library/Developer/CommandLineTools), missing xcrun at: /Library/Developer/CommandLineTools/usr/bin/xcrun


Compiling the CXX compiler identification source file "CMakeCXXCompilerId.cpp" failed.
Compiler: /usr/bin/c++ 
Build flags: 
Id flags: --ec++ 

The output was:
1
xcrun: error: invalid active developer path (/Library/Developer/CommandLineTools), missing xcrun at: /Library/Developer/CommandLineTools/usr/bin/xcrun


Compiling the CXX compiler identification source file "CMakeCXXCompilerId.cpp" failed.
Compiler: /usr/bin/c++ 
Build flags: 
Id flags:  

The output was:
1
xcrun: error: invalid active developer path (/Library/Developer/CommandLineTools), missing xcrun at: /Library/Developer/CommandLineTools/usr/bin/xcrun


Compiling the CXX compiler identification source file "CMakeCXXCompilerId.cpp" failed.
Compiler: /usr/bin/c++ 
Build flags: 
Id flags: -c 

The output was:
1
xcrun: error: invalid active developer path (/Library/Developer/CommandLineTools), missing xcrun at: /Library/Developer/CommandLineTools/usr/bin/xcrun


Compiling the CXX compiler identification source file "CMakeCXXCompilerId.cpp" failed.
Compiler: /usr/bin/c++ 
Build flags: 
Id flags: --c++ 

The output was:
1
xcrun: error: invalid active developer path (/Library/Developer/CommandLineTools), missing xcrun at: /Library/Developer/CommandLineTools/usr/bin/xcrun


Compiling the CXX compiler identification source file "CMakeCXXCompilerId.cpp" failed.
Compiler: /usr/bin/c++ 
Build flags: 
Id flags: --ec++ 

The output was:
1
xcrun: error: invalid active developer path (/Library/Developer/CommandLineTools), missing xcrun at: /Library/Developer/CommandLineTools/usr/bin/xcrun


Checking whether the CXX compiler is IAR using "" did not match "IAR .+ Compiler":
xcrun: error: invalid active developer path (/Library/Developer/CommandLineTools), missing xcrun at: /Library/Developer/CommandLineTools/usr/bin/xcrun
Checking whether the CXX compiler is IAR using "" did not match "IAR .+ Compiler":
xcrun: error: invalid active developer path (/Library/Developer/CommandLineTools), missing xcrun at: /Library/Developer/CommandLineTools/usr/bin/xcrun
Determining if the C compiler works failed with the following output:
Change Dir: /Users/JoySenpai/Desktop/Git/C-Snippets/DesignPattern/cmake-build-debug/CMakeFiles/CMakeTmp

Run Build Command:"/usr/bin/make" "cmTC_db086/fast"
xcrun: error: invalid active developer path (/Library/Developer/CommandLineTools), missing xcrun at: /Library/Developer/CommandLineTools/usr/bin/xcrun


